#
# A fatal error has been detected by the Java Runtime Environment:
#
#  SIGSEGV (0xb) at pc=0x00e08dfe, pid=4934, tid=2432215920
#
# JRE version: 6.0_23-b23
# Java VM: OpenJDK Client VM (20.0-b11 mixed mode linux-x86 )
# Derivative: IcedTea6 1.11pre
# Distribution: Ubuntu 11.10, package 6b23~pre11-0ubuntu1.11.10
# Problematic frame:
# V  [libjvm.so+0x3cedfe]  UNICODE::utf8_length(unsigned short*, int)+0x1e
#
# If you would like to submit a bug report, please include
# instructions how to reproduce the bug and visit:
#   https://bugs.launchpad.net/ubuntu/+source/openjdk-6/
#

---------------  T H R E A D  ---------------

Current thread (0x08649c00):  JavaThread "JDWP Transport Listener: dt_socket" daemon [_thread_in_vm, id=4949, stack(0x90f3a000,0x90f8b000)]

siginfo:si_signo=SIGSEGV: si_errno=0, si_code=1 (SEGV_MAPERR), si_addr=0x0000000c

Registers:
EAX=0x00000000, EBX=0x00f63ff4, ECX=0x00000000, EDX=0x00000000
ESP=0x90f89e90, EBP=0x0000000c, ESI=0x00000000, EDI=0x00000029
EIP=0x00e08dfe, EFLAGS=0x00210246, CR2=0x0000000c

Top of Stack: (sp=0x90f89e90)
0x90f89e90:   00000000 087455e0 90f89ef8 00c4b62c
0x90f89ea0:   0000000c 00000029 003c48fb 08649c00
0x90f89eb0:   003f5ff4 00f63ff4 08649c00 00c58876
0x90f89ec0:   917db710 08649c00 0862815c 00f63ff4
0x90f89ed0:   00000032 085d5990 0864de18 917db710
0x90f89ee0:   087455e0 90f89f9c 08649c00 00000000
0x90f89ef0:   087455e0 90f89f9c 08649c00 08649c00
0x90f89f00:   00000190 00000008 003e0d4b 003f5ff4 

Instructions: (pc=0x00e08dfe)
0x00e08dde:   66 90 55 57 56 31 c0 8b 7c 24 14 8b 6c 24 10 85
0x00e08dee:   ff 7e 2a 31 d2 eb 09 8d 76 00 40 42 39 fa 74 1d
0x00e08dfe:   66 8b 4c 55 00 8d 71 ff 66 83 fe 7e 76 ec 66 81
0x00e08e0e:   f9 ff 07 77 0d 42 83 c0 02 39 fa 75 e3 5e 5f 5d 

Register to memory mapping:

EAX=0x00000000 is an unknown value
EBX=0x00f63ff4: <offset 0x529ff4> in /usr/lib/jvm/java-6-openjdk/jre/lib/i386/client/libjvm.so at 0x00a3a000
ECX=0x00000000 is an unknown value
EDX=0x00000000 is an unknown value
ESP=0x90f89e90 is pointing into the stack for thread: 0x08649c00
EBP=0x0000000c is an unknown value
ESI=0x00000000 is an unknown value
EDI=0x00000029 is an unknown value


Stack: [0x90f3a000,0x90f8b000],  sp=0x90f89e90,  free space=319k
Native frames: (J=compiled Java code, j=interpreted, Vv=VM code, C=native code)
V  [libjvm.so+0x3cedfe]  UNICODE::utf8_length(unsigned short*, int)+0x1e

[error occurred during error reporting (printing native stack), id 0xb]


---------------  P R O C E S S  ---------------

Java Threads: ( => current thread )
  0x086e2800 JavaThread "ReaderThread" [_thread_in_native, id=4960, stack(0x90cde000,0x90d2f000)]
  0x08658000 JavaThread "Low Memory Detector" daemon [_thread_blocked, id=4958, stack(0x90dc6000,0x90e17000)]
  0x08656800 JavaThread "C1 CompilerThread0" daemon [_thread_blocked, id=4957, stack(0x90e17000,0x90e98000)]
  0x0864e000 JavaThread "JDWP Command Reader" daemon [_thread_in_native, id=4951, stack(0x90e98000,0x90ee9000)]
  0x0864c400 JavaThread "JDWP Event Helper Thread" daemon [_thread_blocked, id=4950, stack(0x90ee9000,0x90f3a000)]
=>0x08649c00 JavaThread "JDWP Transport Listener: dt_socket" daemon [_thread_in_vm, id=4949, stack(0x90f3a000,0x90f8b000)]
  0x08642000 JavaThread "Signal Dispatcher" daemon [_thread_blocked, id=4947, stack(0x90f8b000,0x90fdc000)]
  0x0862fc00 JavaThread "Finalizer" daemon [_thread_blocked, id=4946, stack(0x90fdc000,0x9102d000)]
  0x0862e400 JavaThread "Reference Handler" daemon [_thread_blocked, id=4945, stack(0x9102d000,0x9107e000)]
  0x085d8c00 JavaThread "main" [_thread_blocked, id=4936, stack(0xb777a000,0xb77cb000)]

Other Threads:
  0x0862a400 VMThread [stack: 0x9107e000,0x910ff000] [id=4944]
  0x0865c000 WatcherThread [stack: 0x90d45000,0x90dc6000] [id=4959]

VM state:not at safepoint (normal execution)

VM Mutex/Monitor currently owned by a thread: None

Heap
 def new generation   total 4928K, used 3655K [0x914b0000, 0x91a00000, 0x9bf50000)
  eden space 4416K,  75% used [0x914b0000, 0x917edd80, 0x91900000)
  from space 512K,  65% used [0x91980000, 0x919d40b8, 0x91a00000)
  to   space 512K,   0% used [0x91900000, 0x91900000, 0x91980000)
 tenured generation   total 10944K, used 0K [0x9bf50000, 0x9ca00000, 0xb14b0000)
   the space 10944K,   0% used [0x9bf50000, 0x9bf50000, 0x9bf50200, 0x9ca00000)
 compacting perm gen  total 12288K, used 4323K [0xb14b0000, 0xb20b0000, 0xb54b0000)
   the space 12288K,  35% used [0xb14b0000, 0xb18e8e00, 0xb18e8e00, 0xb20b0000)
No shared spaces configured.

Code Cache  [0xb5531000, 0xb55d9000, 0xb7531000)
 total_blobs=256 nmethods=134 adapters=66 free_code_cache=32893248 largest_free_block=0

Dynamic libraries:
00110000-00286000 r-xp 00000000 08:01 1442725    /lib/i386-linux-gnu/libc-2.13.so
00286000-00288000 r--p 00176000 08:01 1442725    /lib/i386-linux-gnu/libc-2.13.so
00288000-00289000 rw-p 00178000 08:01 1442725    /lib/i386-linux-gnu/libc-2.13.so
00289000-0028c000 rw-p 00000000 00:00 0 
0028c000-0036a000 r-xp 00000000 08:01 1840516    /usr/lib/i386-linux-gnu/libstdc++.so.6.0.16
0036a000-0036b000 ---p 000de000 08:01 1840516    /usr/lib/i386-linux-gnu/libstdc++.so.6.0.16
0036b000-0036f000 r--p 000de000 08:01 1840516    /usr/lib/i386-linux-gnu/libstdc++.so.6.0.16
0036f000-00370000 rw-p 000e2000 08:01 1840516    /usr/lib/i386-linux-gnu/libstdc++.so.6.0.16
00370000-00377000 rw-p 00000000 00:00 0 
00377000-0037e000 r-xp 00000000 08:01 1442789    /lib/i386-linux-gnu/librt-2.13.so
0037e000-0037f000 r--p 00006000 08:01 1442789    /lib/i386-linux-gnu/librt-2.13.so
0037f000-00380000 rw-p 00007000 08:01 1442789    /lib/i386-linux-gnu/librt-2.13.so
00380000-0038b000 r-xp 00000000 08:01 1850673    /usr/lib/jvm/java-6-openjdk/jre/lib/i386/libverify.so
0038b000-0038c000 ---p 0000b000 08:01 1850673    /usr/lib/jvm/java-6-openjdk/jre/lib/i386/libverify.so
0038c000-0038d000 r--p 0000b000 08:01 1850673    /usr/lib/jvm/java-6-openjdk/jre/lib/i386/libverify.so
0038d000-0038e000 rw-p 0000c000 08:01 1850673    /usr/lib/jvm/java-6-openjdk/jre/lib/i386/libverify.so
0038e000-003b4000 r-xp 00000000 08:01 1850645    /usr/lib/jvm/java-6-openjdk/jre/lib/i386/libjava.so
003b4000-003b5000 r--p 00025000 08:01 1850645    /usr/lib/jvm/java-6-openjdk/jre/lib/i386/libjava.so
003b5000-003b7000 rw-p 00026000 08:01 1850645    /usr/lib/jvm/java-6-openjdk/jre/lib/i386/libjava.so
003b7000-003f5000 r-xp 00000000 08:01 1850679    /usr/lib/jvm/java-6-openjdk/jre/lib/i386/libjdwp.so
003f5000-003f6000 r--p 0003d000 08:01 1850679    /usr/lib/jvm/java-6-openjdk/jre/lib/i386/libjdwp.so
003f6000-003f7000 rw-p 0003e000 08:01 1850679    /usr/lib/jvm/java-6-openjdk/jre/lib/i386/libjdwp.so
003f7000-003fa000 r-xp 00000000 08:01 1850644    /usr/lib/jvm/java-6-openjdk/jre/lib/i386/libnpt.so
003fa000-003fb000 r--p 00002000 08:01 1850644    /usr/lib/jvm/java-6-openjdk/jre/lib/i386/libnpt.so
003fb000-003fc000 rw-p 00003000 08:01 1850644    /usr/lib/jvm/java-6-openjdk/jre/lib/i386/libnpt.so
003fc000-00411000 r-xp 00000000 08:01 1442760    /lib/i386-linux-gnu/libnsl-2.13.so
00411000-00412000 r--p 00015000 08:01 1442760    /lib/i386-linux-gnu/libnsl-2.13.so
00412000-00413000 rw-p 00016000 08:01 1442760    /lib/i386-linux-gnu/libnsl-2.13.so
00413000-00415000 rw-p 00000000 00:00 0 
00415000-0041f000 r-xp 00000000 08:01 1442770    /lib/i386-linux-gnu/libnss_nis-2.13.so
0041f000-00420000 r--p 00009000 08:01 1442770    /lib/i386-linux-gnu/libnss_nis-2.13.so
00420000-00421000 rw-p 0000a000 08:01 1442770    /lib/i386-linux-gnu/libnss_nis-2.13.so
00421000-0042c000 r-xp 00000000 08:01 1442766    /lib/i386-linux-gnu/libnss_files-2.13.so
0042c000-0042d000 r--p 0000a000 08:01 1442766    /lib/i386-linux-gnu/libnss_files-2.13.so
0042d000-0042e000 rw-p 0000b000 08:01 1442766    /lib/i386-linux-gnu/libnss_files-2.13.so
0042e000-00435000 r-xp 00000000 08:01 1850650    /usr/lib/jvm/java-6-openjdk/jre/lib/i386/libzip.so
00435000-00436000 r--p 00006000 08:01 1850650    /usr/lib/jvm/java-6-openjdk/jre/lib/i386/libzip.so
00436000-00437000 rw-p 00007000 08:01 1850650    /usr/lib/jvm/java-6-openjdk/jre/lib/i386/libzip.so
00437000-0044c000 r-xp 00000000 08:01 1850681    /usr/lib/jvm/java-6-openjdk/jre/lib/i386/libnet.so
0044c000-0044d000 r--p 00014000 08:01 1850681    /usr/lib/jvm/java-6-openjdk/jre/lib/i386/libnet.so
0044d000-0044e000 rw-p 00015000 08:01 1850681    /usr/lib/jvm/java-6-openjdk/jre/lib/i386/libnet.so
00496000-0049a000 r-xp 00000000 08:01 1850678    /usr/lib/jvm/java-6-openjdk/jre/lib/i386/libdt_socket.so
0049a000-0049b000 r--p 00003000 08:01 1850678    /usr/lib/jvm/java-6-openjdk/jre/lib/i386/libdt_socket.so
0049b000-0049c000 rw-p 00004000 08:01 1850678    /usr/lib/jvm/java-6-openjdk/jre/lib/i386/libdt_socket.so
00522000-0054a000 r-xp 00000000 08:01 1442755    /lib/i386-linux-gnu/libm-2.13.so
0054a000-0054b000 r--p 00028000 08:01 1442755    /lib/i386-linux-gnu/libm-2.13.so
0054b000-0054c000 rw-p 00029000 08:01 1442755    /lib/i386-linux-gnu/libm-2.13.so
00570000-00574000 r-xp 00000000 08:01 1850654    /usr/lib/jvm/java-6-openjdk/jre/lib/i386/jli/libjli.so
00574000-00575000 r--p 00003000 08:01 1850654    /usr/lib/jvm/java-6-openjdk/jre/lib/i386/jli/libjli.so
00575000-00576000 rw-p 00004000 08:01 1850654    /usr/lib/jvm/java-6-openjdk/jre/lib/i386/jli/libjli.so
005bf000-005dd000 r-xp 00000000 08:01 1442712    /lib/i386-linux-gnu/ld-2.13.so
005dd000-005de000 r--p 0001d000 08:01 1442712    /lib/i386-linux-gnu/ld-2.13.so
005de000-005df000 rw-p 0001e000 08:01 1442712    /lib/i386-linux-gnu/ld-2.13.so
0067d000-00680000 r-xp 00000000 08:01 1442736    /lib/i386-linux-gnu/libdl-2.13.so
00680000-00681000 r--p 00002000 08:01 1442736    /lib/i386-linux-gnu/libdl-2.13.so
00681000-00682000 rw-p 00003000 08:01 1442736    /lib/i386-linux-gnu/libdl-2.13.so
0079a000-007a2000 r-xp 00000000 08:01 1442762    /lib/i386-linux-gnu/libnss_compat-2.13.so
007a2000-007a3000 r--p 00007000 08:01 1442762    /lib/i386-linux-gnu/libnss_compat-2.13.so
007a3000-007a4000 rw-p 00008000 08:01 1442762    /lib/i386-linux-gnu/libnss_compat-2.13.so
00919000-0092c000 r-xp 00000000 08:01 1442808    /lib/i386-linux-gnu/libz.so.1.2.3.4
0092c000-0092d000 r--p 00012000 08:01 1442808    /lib/i386-linux-gnu/libz.so.1.2.3.4
0092d000-0092e000 rw-p 00013000 08:01 1442808    /lib/i386-linux-gnu/libz.so.1.2.3.4
0096e000-00985000 r-xp 00000000 08:01 1442785    /lib/i386-linux-gnu/libpthread-2.13.so
00985000-00986000 r--p 00016000 08:01 1442785    /lib/i386-linux-gnu/libpthread-2.13.so
00986000-00987000 rw-p 00017000 08:01 1442785    /lib/i386-linux-gnu/libpthread-2.13.so
00987000-00989000 rw-p 00000000 00:00 0 
009d4000-009f0000 r-xp 00000000 08:01 1442746    /lib/i386-linux-gnu/libgcc_s.so.1
009f0000-009f1000 r--p 0001b000 08:01 1442746    /lib/i386-linux-gnu/libgcc_s.so.1
009f1000-009f2000 rw-p 0001c000 08:01 1442746    /lib/i386-linux-gnu/libgcc_s.so.1
00a39000-00a3a000 r-xp 00000000 00:00 0          [vdso]
00a3a000-00f4d000 r-xp 00000000 08:01 1850661    /usr/lib/jvm/java-6-openjdk/jre/lib/i386/client/libjvm.so
00f4d000-00f64000 r--p 00512000 08:01 1850661    /usr/lib/jvm/java-6-openjdk/jre/lib/i386/client/libjvm.so
00f64000-00f71000 rw-p 00529000 08:01 1850661    /usr/lib/jvm/java-6-openjdk/jre/lib/i386/client/libjvm.so
00f71000-01389000 rw-p 00000000 00:00 0 
08048000-08051000 r-xp 00000000 08:01 1850614    /usr/lib/jvm/java-6-openjdk/jre/bin/java
08051000-08052000 r--p 00008000 08:01 1850614    /usr/lib/jvm/java-6-openjdk/jre/bin/java
08052000-08053000 rw-p 00009000 08:01 1850614    /usr/lib/jvm/java-6-openjdk/jre/bin/java
085d0000-0877a000 rw-p 00000000 00:00 0          [heap]
90bc4000-90cde000 rw-p 00000000 00:00 0 
90cde000-90ce1000 ---p 00000000 00:00 0 
90ce1000-90d2f000 rw-p 00000000 00:00 0 
90d2f000-90d32000 r--s 0007d000 08:01 1835270    /usr/lib/jvm/java-6-openjdk/jre/lib/jsse.jar
90d32000-90d35000 r--s 0001b000 08:01 1587554    /home/anand/code/DBCGuice/dbcguice/lib/junit-3.8.1.jar
90d35000-90d41000 r--s 0007c000 08:01 1587552    /home/anand/code/DBCGuice/dbcguice/lib/guice-1.0.jar
90d41000-90d45000 r--s 0002f000 08:01 1587550    /home/anand/code/DBCGuice/dbcguice/lib/commons-lang-2.1.jar
90d45000-90d46000 ---p 00000000 00:00 0 
90d46000-90dc6000 rw-p 00000000 00:00 0 
90dc6000-90dc9000 ---p 00000000 00:00 0 
90dc9000-90e17000 rw-p 00000000 00:00 0 
90e17000-90e1a000 ---p 00000000 00:00 0 
90e1a000-90e98000 rw-p 00000000 00:00 0 
90e98000-90e9b000 ---p 00000000 00:00 0 
90e9b000-90ee9000 rw-p 00000000 00:00 0 
90ee9000-90eec000 ---p 00000000 00:00 0 
90eec000-90f3a000 rw-p 00000000 00:00 0 
90f3a000-90f3d000 ---p 00000000 00:00 0 
90f3d000-90f8b000 rw-p 00000000 00:00 0 
90f8b000-90f8e000 ---p 00000000 00:00 0 
90f8e000-90fdc000 rw-p 00000000 00:00 0 
90fdc000-90fdf000 ---p 00000000 00:00 0 
90fdf000-9102d000 rw-p 00000000 00:00 0 
9102d000-91030000 ---p 00000000 00:00 0 
91030000-9107e000 rw-p 00000000 00:00 0 
9107e000-9107f000 ---p 00000000 00:00 0 
9107f000-91132000 rw-p 00000000 00:00 0 
91132000-912c3000 r--s 037b8000 08:01 1850686    /usr/lib/jvm/java-6-openjdk/jre/lib/rt.jar
912c3000-912ca000 rw-p 00000000 00:00 0 
912ca000-912e4000 rw-p 00000000 00:00 0 
912e4000-912ea000 rw-p 00000000 00:00 0 
912ea000-9138f000 rw-p 00000000 00:00 0 
9138f000-91392000 rw-p 00000000 00:00 0 
91392000-913e4000 rw-p 00000000 00:00 0 
913e4000-913ea000 rw-p 00000000 00:00 0 
913ea000-9148f000 rw-p 00000000 00:00 0 
9148f000-91495000 rw-p 00000000 00:00 0 
91495000-914af000 rw-p 00000000 00:00 0 
914af000-91a00000 rw-p 00000000 00:00 0 
91a00000-9bf50000 rw-p 00000000 00:00 0 
9bf50000-9ca00000 rw-p 00000000 00:00 0 
9ca00000-b14b0000 rw-p 00000000 00:00 0 
b14b0000-b20b0000 rw-p 00000000 00:00 0 
b20b0000-b54b0000 rw-p 00000000 00:00 0 
b54b1000-b54b4000 rw-p 00000000 00:00 0 
b54b4000-b5531000 rw-p 00000000 00:00 0 
b5531000-b55d9000 rwxp 00000000 00:00 0 
b55d9000-b7531000 rw-p 00000000 00:00 0 
b7531000-b7539000 rw-s 00000000 08:01 1587691    /tmp/hsperfdata_anand/4934
b7539000-b753a000 r--p 0043a000 08:01 1842635    /usr/lib/locale/locale-archive
b753a000-b757a000 r--p 002bd000 08:01 1842635    /usr/lib/locale/locale-archive
b757a000-b777a000 r--p 00000000 08:01 1842635    /usr/lib/locale/locale-archive
b777a000-b777d000 ---p 00000000 00:00 0 
b777d000-b77ce000 rw-p 00000000 00:00 0 
b77cf000-b77d0000 rw-p 00000000 00:00 0 
b77d0000-b77d5000 r--s 00040000 08:01 1587553    /home/anand/code/DBCGuice/dbcguice/lib/bsh-2.0b2.jar
b77d5000-b77d7000 r--s 00000000 08:01 1587551    /home/anand/code/DBCGuice/dbcguice/lib/aopalliance.jar
b77d7000-b77df000 r--s 00066000 08:01 139550     /usr/share/java/gnome-java-bridge.jar
b77df000-b77e1000 r--s 0000f000 08:01 1838470    /usr/lib/jvm/java-6-openjdk/jre/lib/ext/pulse-java.jar
b77e1000-b77e2000 rw-p 00000000 00:00 0 
b77e2000-b77e3000 r--p 00000000 00:00 0 
b77e3000-b77e5000 rw-p 00000000 00:00 0 
bfca5000-bfcc6000 rw-p 00000000 00:00 0          [stack]

VM Arguments:
jvm_args: -agentlib:jdwp=transport=dt_socket,suspend=y,address=localhost:59521 -Dfile.encoding=UTF-8 
java_command: org.eclipse.jdt.internal.junit.runner.RemoteTestRunner -version 3 -port 60047 -testLoaderClass org.eclipse.jdt.internal.junit.runner.junit3.JUnit3TestLoader -loaderpluginname org.eclipse.jdt.junit.runtime -classNames net.dbc.guice.examples.ContractViolationCases
Launcher Type: SUN_STANDARD

Environment Variables:
PATH=/usr/lib/lightdm/lightdm:/usr/local/sbin:/usr/local/bin:/usr/sbin:/usr/bin:/sbin:/bin:/usr/games
USERNAME=anand
LD_LIBRARY_PATH=/usr/lib/jvm/java-6-openjdk/jre/lib/i386/client:/usr/lib/jvm/java-6-openjdk/jre/lib/i386:/usr/lib/jvm/java-6-openjdk/jre/../lib/i386:/usr/lib/jvm/java-6-openjdk/jre/lib/i386/client:/usr/lib/jvm/java-6-openjdk/jre/lib/i386:
SHELL=/bin/bash
DISPLAY=:0

Signal Handlers:
SIGSEGV: [libjvm.so+0x3e3640], sa_mask[0]=0x7ffbfeff, sa_flags=0x10000004
SIGBUS: [libjvm.so+0x3e3640], sa_mask[0]=0x7ffbfeff, sa_flags=0x10000004
SIGFPE: [libjvm.so+0x300e10], sa_mask[0]=0x7ffbfeff, sa_flags=0x10000004
SIGPIPE: [libjvm.so+0x300e10], sa_mask[0]=0x7ffbfeff, sa_flags=0x10000004
SIGXFSZ: [libjvm.so+0x300e10], sa_mask[0]=0x7ffbfeff, sa_flags=0x10000004
SIGILL: [libjvm.so+0x300e10], sa_mask[0]=0x7ffbfeff, sa_flags=0x10000004
SIGUSR1: SIG_DFL, sa_mask[0]=0x00000000, sa_flags=0x00000000
SIGUSR2: [libjvm.so+0x300ca0], sa_mask[0]=0x00000004, sa_flags=0x10000004
SIGHUP: [libjvm.so+0x303d40], sa_mask[0]=0x7ffbfeff, sa_flags=0x10000004
SIGINT: [libjvm.so+0x303d40], sa_mask[0]=0x7ffbfeff, sa_flags=0x10000004
SIGTERM: [libjvm.so+0x303d40], sa_mask[0]=0x7ffbfeff, sa_flags=0x10000004
SIGQUIT: [libjvm.so+0x303d40], sa_mask[0]=0x7ffbfeff, sa_flags=0x10000004


---------------  S Y S T E M  ---------------

OS:Ubuntu 11.10 (oneiric)
uname:Linux 3.0.0-12-generic #20-Ubuntu SMP Fri Oct 7 14:50:42 UTC 2011 i686
libc:glibc 2.13 NPTL 2.13 
rlimit: STACK 8192k, CORE 0k, NPROC 28146, NOFILE 4096, AS infinity
load average:1.08 0.44 0.24

/proc/meminfo:
MemTotal:        3616756 kB
MemFree:          244612 kB
Buffers:          185852 kB
Cached:           767772 kB
SwapCached:            0 kB
Active:          1457880 kB
Inactive:         594440 kB
Active(anon):    1110668 kB
Inactive(anon):     4064 kB
Active(file):     347212 kB
Inactive(file):   590376 kB
Unevictable:     1208216 kB
Mlocked:         1208216 kB
HighTotal:       2760648 kB
HighFree:          34508 kB
LowTotal:         856108 kB
LowFree:          210104 kB
SwapTotal:       1046524 kB
SwapFree:        1046524 kB
Dirty:                56 kB
Writeback:             0 kB
AnonPages:       2306984 kB
Mapped:           146848 kB
Shmem:              4756 kB
Slab:              89068 kB
SReclaimable:      76772 kB
SUnreclaim:        12296 kB
KernelStack:        3928 kB
PageTables:        10248 kB
NFS_Unstable:          0 kB
Bounce:                0 kB
WritebackTmp:          0 kB
CommitLimit:     2854900 kB
Committed_AS:    4507456 kB
VmallocTotal:     122880 kB
VmallocUsed:       53140 kB
VmallocChunk:      64828 kB
HardwareCorrupted:     0 kB
AnonHugePages:         0 kB
HugePages_Total:       0
HugePages_Free:        0
HugePages_Rsvd:        0
HugePages_Surp:        0
Hugepagesize:       4096 kB
DirectMap4k:       12280 kB
DirectMap4M:      897024 kB


CPU:total 1 (1 cores per cpu, 1 threads per core) family 6 model 42 stepping 7, cmov, cx8, fxsr, mmx, sse, sse2, sse3, ssse3

Memory: 4k page, physical 3616756k(244612k free), swap 1046524k(1046524k free)

vm_info: OpenJDK Client VM (20.0-b11) for linux-x86 JRE (1.6.0_23-b23), built on Oct 22 2011 01:04:24 by "buildd" with gcc 4.6.1

time: Tue May 29 17:45:28 2012
elapsed time: 231 seconds

